<?xml version="1.0" encoding="UTF-8"?>
<testsuite name="Consult the information of a city by the zip code" tests="1" skipped="0" failures="0" errors="0" timestamp="2023-04-19T22:55:44" hostname="DESKTOP-M1J2PRM" time="9.239">
  <properties/>
  <testcase name="Consume of the service successfully using the zip code of the city" classname="Consult the information of a city by the zip code" time="9.239"/>
  <system-out><![CDATA[Request method:	GET
Request URI:	https://api.zippopotam.us/us/94105
Proxy:			<none>
Request params:	<none>
Query params:	<none>
Form params:	<none>
Path params:	zip=94105
Headers:		Accept=*/*
				Content-Type=application/json
Cookies:		<none>
Multiparts:		<none>
Body:			<none>
]]></system-out>
  <system-err><![CDATA[]]></system-err>
</testsuite>
